(75, (0, 42), (0, 42))
(75, (0, 42), (1, 42))
(75, (0, 42), (2, 42))
(75, (0, 42), (3, 42))
(75, (0, 42), (4, 42))
(75, (0, 42), (5, 42))
(75, (0, 42), (6, 42))
(75, (0, 42), (7, 42))
(75, (0, 42), (8, 42))
(75, (0, 42), (9, 42))
(75, (0, 42), (10, 42))
(75, (0, 42), (11, 42))
(75, (0, 42), (12, 42))
(75, (0, 42), (13, 42))
(75, (0, 42), (14, 42))
(75, (0, 42), (15, 42))
(75, (0, 42), (16, 42))
(75, (0, 42), (17, 42))
(75, (0, 42), (18, 42))
(75, (0, 42), (19, 42))
(75, (0, 42), (20, 42))
(75, (0, 42), (21, 42))
(75, (0, 42), (22, 42))
(75, (0, 42), (23, 42))
(75, (0, 42), (24, 42))
(75, (0, 42), (25, 42))
(75, (0, 42), (26, 42))
(75, (0, 42), (27, 42))
(75, (0, 42), (28, 42))
(75, (0, 42), (29, 42))
(75, (0, 42), (30, 42))
(75, (0, 42), (31, 42))
(75, (0, 42), (32, 42))
(75, (0, 42), (33, 42))
(75, (0, 42), (34, 42))
(75, (0, 42), (35, 42))
(75, (0, 42), (36, 42))
(75, (0, 42), (37, 42))
(75, (0, 42), (38, 42))
(75, (0, 42), (39, 42))
(75, (0, 42), (40, 42))
(75, (0, 42), (41, 42))
1 of 42; Current Threshold: 75
(75, (1, 42), (0, 12))
(75, (1, 42), (1, 12))
(75, (1, 42), (2, 12))
(75, (1, 42), (3, 12))
(75, (1, 42), (4, 12))
(75, (1, 42), (5, 12))
(75, (1, 42), (6, 12))
(75, (1, 42), (7, 12))
(75, (1, 42), (8, 12))
(75, (1, 42), (9, 12))
(75, (1, 42), (10, 12))
(75, (1, 42), (11, 12))
2 of 42; Current Threshold: 75
(75, (2, 42), (0, 24))
(75, (2, 42), (1, 24))
(75, (2, 42), (2, 24))
(75, (2, 42), (3, 24))
(75, (2, 42), (4, 24))
(75, (2, 42), (5, 24))
(75, (2, 42), (6, 24))
(75, (2, 42), (7, 24))
(75, (2, 42), (8, 24))
(75, (2, 42), (9, 24))
(75, (2, 42), (10, 24))
(75, (2, 42), (11, 24))
(75, (2, 42), (12, 24))
(75, (2, 42), (13, 24))
(75, (2, 42), (14, 24))
(75, (2, 42), (15, 24))
(75, (2, 42), (16, 24))
(75, (2, 42), (17, 24))
(75, (2, 42), (18, 24))
(75, (2, 42), (19, 24))
(75, (2, 42), (20, 24))
(75, (2, 42), (21, 24))
(75, (2, 42), (22, 24))
(75, (2, 42), (23, 24))
3 of 42; Current Threshold: 75
(75, (3, 42), (0, 6))
(75, (3, 42), (1, 6))
(75, (3, 42), (2, 6))
(75, (3, 42), (3, 6))
(75, (3, 42), (4, 6))
(75, (3, 42), (5, 6))
4 of 42; Current Threshold: 75
(75, (4, 42), (0, 30))
(75, (4, 42), (1, 30))
(75, (4, 42), (2, 30))
(75, (4, 42), (3, 30))
(75, (4, 42), (4, 30))
(75, (4, 42), (5, 30))
(75, (4, 42), (6, 30))
(75, (4, 42), (7, 30))
(75, (4, 42), (8, 30))
(75, (4, 42), (9, 30))
(75, (4, 42), (10, 30))
(75, (4, 42), (11, 30))
(75, (4, 42), (12, 30))
(75, (4, 42), (13, 30))
(75, (4, 42), (14, 30))
(75, (4, 42), (15, 30))
(75, (4, 42), (16, 30))
(75, (4, 42), (17, 30))
(75, (4, 42), (18, 30))
(75, (4, 42), (19, 30))
(75, (4, 42), (20, 30))
(75, (4, 42), (21, 30))
(75, (4, 42), (22, 30))
(75, (4, 42), (23, 30))
(75, (4, 42), (24, 30))
(75, (4, 42), (25, 30))
(75, (4, 42), (26, 30))
(75, (4, 42), (27, 30))
(75, (4, 42), (28, 30))
(75, (4, 42), (29, 30))
5 of 42; Current Threshold: 75
(75, (5, 42), (0, 42))
(75, (5, 42), (1, 42))
(75, (5, 42), (2, 42))
(75, (5, 42), (3, 42))
(75, (5, 42), (4, 42))
(75, (5, 42), (5, 42))
(75, (5, 42), (6, 42))
(75, (5, 42), (7, 42))
(75, (5, 42), (8, 42))
(75, (5, 42), (9, 42))
(75, (5, 42), (10, 42))
(75, (5, 42), (11, 42))
(75, (5, 42), (12, 42))
(75, (5, 42), (13, 42))
(75, (5, 42), (14, 42))
(75, (5, 42), (15, 42))
(75, (5, 42), (16, 42))
(75, (5, 42), (17, 42))
(75, (5, 42), (18, 42))
(75, (5, 42), (19, 42))
(75, (5, 42), (20, 42))
(75, (5, 42), (21, 42))
(75, (5, 42), (22, 42))
(75, (5, 42), (23, 42))
(75, (5, 42), (24, 42))
(75, (5, 42), (25, 42))
(75, (5, 42), (26, 42))
(75, (5, 42), (27, 42))
(75, (5, 42), (28, 42))
(75, (5, 42), (29, 42))
(75, (5, 42), (30, 42))
(75, (5, 42), (31, 42))
(75, (5, 42), (32, 42))
(75, (5, 42), (33, 42))
(75, (5, 42), (34, 42))
(75, (5, 42), (35, 42))
(75, (5, 42), (36, 42))
(75, (5, 42), (37, 42))
(75, (5, 42), (38, 42))
(75, (5, 42), (39, 42))
(75, (5, 42), (40, 42))
(75, (5, 42), (41, 42))
6 of 42; Current Threshold: 75
(75, (6, 42), (0, 48))
(75, (6, 42), (1, 48))
(75, (6, 42), (2, 48))
(75, (6, 42), (3, 48))
(75, (6, 42), (4, 48))
(75, (6, 42), (5, 48))
(75, (6, 42), (6, 48))
(75, (6, 42), (7, 48))
(75, (6, 42), (8, 48))
(75, (6, 42), (9, 48))
(75, (6, 42), (10, 48))
(75, (6, 42), (11, 48))
(75, (6, 42), (12, 48))
(75, (6, 42), (13, 48))
(75, (6, 42), (14, 48))
(75, (6, 42), (15, 48))
(75, (6, 42), (16, 48))
(75, (6, 42), (17, 48))
(75, (6, 42), (18, 48))
(75, (6, 42), (19, 48))
(75, (6, 42), (20, 48))
(75, (6, 42), (21, 48))
(75, (6, 42), (22, 48))
(75, (6, 42), (23, 48))
(75, (6, 42), (24, 48))
(75, (6, 42), (25, 48))
(75, (6, 42), (26, 48))
(75, (6, 42), (27, 48))
(75, (6, 42), (28, 48))
(75, (6, 42), (29, 48))
(75, (6, 42), (30, 48))
(75, (6, 42), (31, 48))
(75, (6, 42), (32, 48))
(75, (6, 42), (33, 48))
(75, (6, 42), (34, 48))
(75, (6, 42), (35, 48))
(75, (6, 42), (36, 48))
(75, (6, 42), (37, 48))
(75, (6, 42), (38, 48))
(75, (6, 42), (39, 48))
(75, (6, 42), (40, 48))
(75, (6, 42), (41, 48))
(75, (6, 42), (42, 48))
(75, (6, 42), (43, 48))
(75, (6, 42), (44, 48))
(75, (6, 42), (45, 48))
(75, (6, 42), (46, 48))
(75, (6, 42), (47, 48))
7 of 42; Current Threshold: 75
(75, (7, 42), (0, 12))
(75, (7, 42), (1, 12))
(75, (7, 42), (2, 12))
(75, (7, 42), (3, 12))
(75, (7, 42), (4, 12))
(75, (7, 42), (5, 12))
(75, (7, 42), (6, 12))
(75, (7, 42), (7, 12))
(75, (7, 42), (8, 12))
(75, (7, 42), (9, 12))
(75, (7, 42), (10, 12))
(75, (7, 42), (11, 12))
8 of 42; Current Threshold: 75
(75, (8, 42), (0, 23))
(75, (8, 42), (1, 23))
(75, (8, 42), (2, 23))
(75, (8, 42), (3, 23))
(75, (8, 42), (4, 23))
(75, (8, 42), (5, 23))
(75, (8, 42), (6, 23))
(75, (8, 42), (7, 23))
(75, (8, 42), (8, 23))
(75, (8, 42), (9, 23))
(75, (8, 42), (10, 23))
(75, (8, 42), (11, 23))
(75, (8, 42), (12, 23))
(75, (8, 42), (13, 23))
(75, (8, 42), (14, 23))
(75, (8, 42), (15, 23))
(75, (8, 42), (16, 23))
(75, (8, 42), (17, 23))
(75, (8, 42), (18, 23))
(75, (8, 42), (19, 23))
(75, (8, 42), (20, 23))
(75, (8, 42), (21, 23))
(75, (8, 42), (22, 23))
9 of 42; Current Threshold: 75
(75, (9, 42), (0, 120))
(75, (9, 42), (1, 120))
(75, (9, 42), (2, 120))
(75, (9, 42), (3, 120))
(75, (9, 42), (4, 120))
(75, (9, 42), (5, 120))
(75, (9, 42), (6, 120))
(75, (9, 42), (7, 120))
(75, (9, 42), (8, 120))
(75, (9, 42), (9, 120))
(75, (9, 42), (10, 120))
(75, (9, 42), (11, 120))
(75, (9, 42), (12, 120))
(75, (9, 42), (13, 120))
(75, (9, 42), (14, 120))
(75, (9, 42), (15, 120))
(75, (9, 42), (16, 120))
(75, (9, 42), (17, 120))
(75, (9, 42), (18, 120))
(75, (9, 42), (19, 120))
(75, (9, 42), (20, 120))
(75, (9, 42), (21, 120))
(75, (9, 42), (22, 120))
(75, (9, 42), (23, 120))
(75, (9, 42), (24, 120))
(75, (9, 42), (25, 120))
(75, (9, 42), (26, 120))
(75, (9, 42), (27, 120))
(75, (9, 42), (28, 120))
(75, (9, 42), (29, 120))
(75, (9, 42), (30, 120))
(75, (9, 42), (31, 120))
(75, (9, 42), (32, 120))
(75, (9, 42), (33, 120))
(75, (9, 42), (34, 120))
(75, (9, 42), (35, 120))
(75, (9, 42), (36, 120))
(75, (9, 42), (37, 120))
(75, (9, 42), (38, 120))
(75, (9, 42), (39, 120))
(75, (9, 42), (40, 120))
(75, (9, 42), (41, 120))
(75, (9, 42), (42, 120))
(75, (9, 42), (43, 120))
(75, (9, 42), (44, 120))
(75, (9, 42), (45, 120))
(75, (9, 42), (46, 120))
(75, (9, 42), (47, 120))
(75, (9, 42), (48, 120))
(75, (9, 42), (49, 120))
(75, (9, 42), (50, 120))
(75, (9, 42), (51, 120))
(75, (9, 42), (52, 120))
(75, (9, 42), (53, 120))
(75, (9, 42), (54, 120))
(75, (9, 42), (55, 120))
(75, (9, 42), (56, 120))
(75, (9, 42), (57, 120))
(75, (9, 42), (58, 120))
(75, (9, 42), (59, 120))
(75, (9, 42), (60, 120))
(75, (9, 42), (61, 120))
(75, (9, 42), (62, 120))
(75, (9, 42), (63, 120))
(75, (9, 42), (64, 120))
(75, (9, 42), (65, 120))
(75, (9, 42), (66, 120))
(75, (9, 42), (67, 120))
(75, (9, 42), (68, 120))
(75, (9, 42), (69, 120))
(75, (9, 42), (70, 120))
(75, (9, 42), (71, 120))
(75, (9, 42), (72, 120))
(75, (9, 42), (73, 120))
(75, (9, 42), (74, 120))
(75, (9, 42), (75, 120))
(75, (9, 42), (76, 120))
(75, (9, 42), (77, 120))
(75, (9, 42), (78, 120))
(75, (9, 42), (79, 120))
(75, (9, 42), (80, 120))
(75, (9, 42), (81, 120))
(75, (9, 42), (82, 120))
(75, (9, 42), (83, 120))
(75, (9, 42), (84, 120))
(75, (9, 42), (85, 120))
(75, (9, 42), (86, 120))
(75, (9, 42), (87, 120))
(75, (9, 42), (88, 120))
(75, (9, 42), (89, 120))
(75, (9, 42), (90, 120))
(75, (9, 42), (91, 120))
(75, (9, 42), (92, 120))
(75, (9, 42), (93, 120))
(75, (9, 42), (94, 120))
(75, (9, 42), (95, 120))
(75, (9, 42), (96, 120))
(75, (9, 42), (97, 120))
(75, (9, 42), (98, 120))
(75, (9, 42), (99, 120))
(75, (9, 42), (100, 120))
(75, (9, 42), (101, 120))
(75, (9, 42), (102, 120))
(75, (9, 42), (103, 120))
(75, (9, 42), (104, 120))
(75, (9, 42), (105, 120))
(75, (9, 42), (106, 120))
(75, (9, 42), (107, 120))
(75, (9, 42), (108, 120))
(75, (9, 42), (109, 120))
(75, (9, 42), (110, 120))
(75, (9, 42), (111, 120))
(75, (9, 42), (112, 120))
(75, (9, 42), (113, 120))
(75, (9, 42), (114, 120))
(75, (9, 42), (115, 120))
(75, (9, 42), (116, 120))
(75, (9, 42), (117, 120))
(75, (9, 42), (118, 120))
(75, (9, 42), (119, 120))
10 of 42; Current Threshold: 75
(75, (10, 42), (0, 24))
(75, (10, 42), (1, 24))
(75, (10, 42), (2, 24))
(75, (10, 42), (3, 24))
(75, (10, 42), (4, 24))
(75, (10, 42), (5, 24))
(75, (10, 42), (6, 24))
(75, (10, 42), (7, 24))
(75, (10, 42), (8, 24))
(75, (10, 42), (9, 24))
(75, (10, 42), (10, 24))
(75, (10, 42), (11, 24))
(75, (10, 42), (12, 24))
(75, (10, 42), (13, 24))
(75, (10, 42), (14, 24))
(75, (10, 42), (15, 24))
(75, (10, 42), (16, 24))
(75, (10, 42), (17, 24))
(75, (10, 42), (18, 24))
(75, (10, 42), (19, 24))
(75, (10, 42), (20, 24))
(75, (10, 42), (21, 24))
(75, (10, 42), (22, 24))
(75, (10, 42), (23, 24))
11 of 42; Current Threshold: 75
(75, (11, 42), (0, 12))
(75, (11, 42), (1, 12))
(75, (11, 42), (2, 12))
(75, (11, 42), (3, 12))
(75, (11, 42), (4, 12))
(75, (11, 42), (5, 12))
(75, (11, 42), (6, 12))
(75, (11, 42), (7, 12))
(75, (11, 42), (8, 12))
(75, (11, 42), (9, 12))
(75, (11, 42), (10, 12))
(75, (11, 42), (11, 12))
12 of 42; Current Threshold: 75
(75, (12, 42), (0, 12))
(75, (12, 42), (1, 12))
(75, (12, 42), (2, 12))
(75, (12, 42), (3, 12))
(75, (12, 42), (4, 12))
(75, (12, 42), (5, 12))
(75, (12, 42), (6, 12))
(75, (12, 42), (7, 12))
(75, (12, 42), (8, 12))
(75, (12, 42), (9, 12))
(75, (12, 42), (10, 12))
(75, (12, 42), (11, 12))
13 of 42; Current Threshold: 75
(75, (13, 42), (0, 47))
(75, (13, 42), (1, 47))
(75, (13, 42), (2, 47))
(75, (13, 42), (3, 47))
(75, (13, 42), (4, 47))
(75, (13, 42), (5, 47))
(75, (13, 42), (6, 47))
(75, (13, 42), (7, 47))
(75, (13, 42), (8, 47))
(75, (13, 42), (9, 47))
(75, (13, 42), (10, 47))
(75, (13, 42), (11, 47))
(75, (13, 42), (12, 47))
(75, (13, 42), (13, 47))
(75, (13, 42), (14, 47))
(75, (13, 42), (15, 47))
(75, (13, 42), (16, 47))
(75, (13, 42), (17, 47))
(75, (13, 42), (18, 47))
(75, (13, 42), (19, 47))
(75, (13, 42), (20, 47))
(75, (13, 42), (21, 47))
(75, (13, 42), (22, 47))
(75, (13, 42), (23, 47))
(75, (13, 42), (24, 47))
(75, (13, 42), (25, 47))
(75, (13, 42), (26, 47))
(75, (13, 42), (27, 47))
(75, (13, 42), (28, 47))
(75, (13, 42), (29, 47))
(75, (13, 42), (30, 47))
(75, (13, 42), (31, 47))
(75, (13, 42), (32, 47))
(75, (13, 42), (33, 47))
(75, (13, 42), (34, 47))
(75, (13, 42), (35, 47))
(75, (13, 42), (36, 47))
(75, (13, 42), (37, 47))
(75, (13, 42), (38, 47))
(75, (13, 42), (39, 47))
(75, (13, 42), (40, 47))
(75, (13, 42), (41, 47))
(75, (13, 42), (42, 47))
(75, (13, 42), (43, 47))
(75, (13, 42), (44, 47))
(75, (13, 42), (45, 47))
(75, (13, 42), (46, 47))
14 of 42; Current Threshold: 75
(75, (14, 42), (0, 48))
(75, (14, 42), (1, 48))
(75, (14, 42), (2, 48))
(75, (14, 42), (3, 48))
(75, (14, 42), (4, 48))
(75, (14, 42), (5, 48))
(75, (14, 42), (6, 48))
(75, (14, 42), (7, 48))
(75, (14, 42), (8, 48))
(75, (14, 42), (9, 48))
(75, (14, 42), (10, 48))
(75, (14, 42), (11, 48))
(75, (14, 42), (12, 48))
(75, (14, 42), (13, 48))
(75, (14, 42), (14, 48))
(75, (14, 42), (15, 48))
(75, (14, 42), (16, 48))
(75, (14, 42), (17, 48))
(75, (14, 42), (18, 48))
(75, (14, 42), (19, 48))
(75, (14, 42), (20, 48))
(75, (14, 42), (21, 48))
(75, (14, 42), (22, 48))
(75, (14, 42), (23, 48))
(75, (14, 42), (24, 48))
(75, (14, 42), (25, 48))
(75, (14, 42), (26, 48))
(75, (14, 42), (27, 48))
(75, (14, 42), (28, 48))
(75, (14, 42), (29, 48))
(75, (14, 42), (30, 48))
(75, (14, 42), (31, 48))
(75, (14, 42), (32, 48))
(75, (14, 42), (33, 48))
(75, (14, 42), (34, 48))
(75, (14, 42), (35, 48))
(75, (14, 42), (36, 48))
(75, (14, 42), (37, 48))
(75, (14, 42), (38, 48))
(75, (14, 42), (39, 48))
(75, (14, 42), (40, 48))
(75, (14, 42), (41, 48))
(75, (14, 42), (42, 48))
(75, (14, 42), (43, 48))
(75, (14, 42), (44, 48))
(75, (14, 42), (45, 48))
(75, (14, 42), (46, 48))
(75, (14, 42), (47, 48))
15 of 42; Current Threshold: 75
(75, (15, 42), (0, 6))
(75, (15, 42), (1, 6))
(75, (15, 42), (2, 6))
(75, (15, 42), (3, 6))
(75, (15, 42), (4, 6))
(75, (15, 42), (5, 6))
16 of 42; Current Threshold: 75
(75, (16, 42), (0, 18))
(75, (16, 42), (1, 18))
(75, (16, 42), (2, 18))
(75, (16, 42), (3, 18))
(75, (16, 42), (4, 18))
(75, (16, 42), (5, 18))
(75, (16, 42), (6, 18))
(75, (16, 42), (7, 18))
(75, (16, 42), (8, 18))
(75, (16, 42), (9, 18))
(75, (16, 42), (10, 18))
(75, (16, 42), (11, 18))
(75, (16, 42), (12, 18))
(75, (16, 42), (13, 18))
(75, (16, 42), (14, 18))
(75, (16, 42), (15, 18))
(75, (16, 42), (16, 18))
(75, (16, 42), (17, 18))
17 of 42; Current Threshold: 75
(75, (17, 42), (0, 6))
(75, (17, 42), (1, 6))
(75, (17, 42), (2, 6))
(75, (17, 42), (3, 6))
(75, (17, 42), (4, 6))
(75, (17, 42), (5, 6))
18 of 42; Current Threshold: 75
(75, (18, 42), (0, 36))
(75, (18, 42), (1, 36))
(75, (18, 42), (2, 36))
(75, (18, 42), (3, 36))
(75, (18, 42), (4, 36))
(75, (18, 42), (5, 36))
(75, (18, 42), (6, 36))
(75, (18, 42), (7, 36))
(75, (18, 42), (8, 36))
(75, (18, 42), (9, 36))
(75, (18, 42), (10, 36))
(75, (18, 42), (11, 36))
(75, (18, 42), (12, 36))
(75, (18, 42), (13, 36))
(75, (18, 42), (14, 36))
(75, (18, 42), (15, 36))
(75, (18, 42), (16, 36))
(75, (18, 42), (17, 36))
(75, (18, 42), (18, 36))
(75, (18, 42), (19, 36))
(75, (18, 42), (20, 36))
(75, (18, 42), (21, 36))
(75, (18, 42), (22, 36))
(75, (18, 42), (23, 36))
(75, (18, 42), (24, 36))
(75, (18, 42), (25, 36))
(75, (18, 42), (26, 36))
(75, (18, 42), (27, 36))
(75, (18, 42), (28, 36))
(75, (18, 42), (29, 36))
(75, (18, 42), (30, 36))
(75, (18, 42), (31, 36))
(75, (18, 42), (32, 36))
(75, (18, 42), (33, 36))
(75, (18, 42), (34, 36))
(75, (18, 42), (35, 36))
19 of 42; Current Threshold: 75
(75, (19, 42), (0, 12))
(75, (19, 42), (1, 12))
(75, (19, 42), (2, 12))
(75, (19, 42), (3, 12))
(75, (19, 42), (4, 12))
(75, (19, 42), (5, 12))
(75, (19, 42), (6, 12))
(75, (19, 42), (7, 12))
(75, (19, 42), (8, 12))
(75, (19, 42), (9, 12))
(75, (19, 42), (10, 12))
(75, (19, 42), (11, 12))
20 of 42; Current Threshold: 75
(75, (20, 42), (0, 18))
(75, (20, 42), (1, 18))
(75, (20, 42), (2, 18))
(75, (20, 42), (3, 18))
(75, (20, 42), (4, 18))
(75, (20, 42), (5, 18))
(75, (20, 42), (6, 18))
(75, (20, 42), (7, 18))
(75, (20, 42), (8, 18))
(75, (20, 42), (9, 18))
(75, (20, 42), (10, 18))
(75, (20, 42), (11, 18))
(75, (20, 42), (12, 18))
(75, (20, 42), (13, 18))
(75, (20, 42), (14, 18))
(75, (20, 42), (15, 18))
(75, (20, 42), (16, 18))
(75, (20, 42), (17, 18))
21 of 42; Current Threshold: 75
(75, (21, 42), (0, 12))
(75, (21, 42), (1, 12))
(75, (21, 42), (2, 12))
(75, (21, 42), (3, 12))
(75, (21, 42), (4, 12))
(75, (21, 42), (5, 12))
(75, (21, 42), (6, 12))
(75, (21, 42), (7, 12))
(75, (21, 42), (8, 12))
(75, (21, 42), (9, 12))
(75, (21, 42), (10, 12))
(75, (21, 42), (11, 12))
22 of 42; Current Threshold: 75
(75, (22, 42), (0, 6))
(75, (22, 42), (1, 6))
(75, (22, 42), (2, 6))
(75, (22, 42), (3, 6))
(75, (22, 42), (4, 6))
(75, (22, 42), (5, 6))
23 of 42; Current Threshold: 75
(75, (23, 42), (0, 24))
(75, (23, 42), (1, 24))
(75, (23, 42), (2, 24))
(75, (23, 42), (3, 24))
(75, (23, 42), (4, 24))
(75, (23, 42), (5, 24))
(75, (23, 42), (6, 24))
(75, (23, 42), (7, 24))
(75, (23, 42), (8, 24))
(75, (23, 42), (9, 24))
(75, (23, 42), (10, 24))
(75, (23, 42), (11, 24))
(75, (23, 42), (12, 24))
(75, (23, 42), (13, 24))
(75, (23, 42), (14, 24))
(75, (23, 42), (15, 24))
(75, (23, 42), (16, 24))
(75, (23, 42), (17, 24))
(75, (23, 42), (18, 24))
(75, (23, 42), (19, 24))
(75, (23, 42), (20, 24))
(75, (23, 42), (21, 24))
(75, (23, 42), (22, 24))
(75, (23, 42), (23, 24))
24 of 42; Current Threshold: 75
(75, (24, 42), (0, 6))
(75, (24, 42), (1, 6))
(75, (24, 42), (2, 6))
(75, (24, 42), (3, 6))
(75, (24, 42), (4, 6))
(75, (24, 42), (5, 6))
25 of 42; Current Threshold: 75
(75, (25, 42), (0, 6))
(75, (25, 42), (1, 6))
(75, (25, 42), (2, 6))
(75, (25, 42), (3, 6))
(75, (25, 42), (4, 6))
(75, (25, 42), (5, 6))
26 of 42; Current Threshold: 75
(75, (26, 42), (0, 114))
(75, (26, 42), (1, 114))
(75, (26, 42), (2, 114))
(75, (26, 42), (3, 114))
(75, (26, 42), (4, 114))
(75, (26, 42), (5, 114))
(75, (26, 42), (6, 114))
(75, (26, 42), (7, 114))
(75, (26, 42), (8, 114))
(75, (26, 42), (9, 114))
(75, (26, 42), (10, 114))
(75, (26, 42), (11, 114))
(75, (26, 42), (12, 114))
(75, (26, 42), (13, 114))
(75, (26, 42), (14, 114))
(75, (26, 42), (15, 114))
(75, (26, 42), (16, 114))
(75, (26, 42), (17, 114))
(75, (26, 42), (18, 114))
(75, (26, 42), (19, 114))
(75, (26, 42), (20, 114))
(75, (26, 42), (21, 114))
(75, (26, 42), (22, 114))
(75, (26, 42), (23, 114))
(75, (26, 42), (24, 114))
(75, (26, 42), (25, 114))
(75, (26, 42), (26, 114))
(75, (26, 42), (27, 114))
(75, (26, 42), (28, 114))
(75, (26, 42), (29, 114))
(75, (26, 42), (30, 114))
(75, (26, 42), (31, 114))
(75, (26, 42), (32, 114))
(75, (26, 42), (33, 114))
(75, (26, 42), (34, 114))
(75, (26, 42), (35, 114))
(75, (26, 42), (36, 114))
(75, (26, 42), (37, 114))
(75, (26, 42), (38, 114))
(75, (26, 42), (39, 114))
(75, (26, 42), (40, 114))
(75, (26, 42), (41, 114))
(75, (26, 42), (42, 114))
(75, (26, 42), (43, 114))
(75, (26, 42), (44, 114))
(75, (26, 42), (45, 114))
(75, (26, 42), (46, 114))
(75, (26, 42), (47, 114))
(75, (26, 42), (48, 114))
(75, (26, 42), (49, 114))
(75, (26, 42), (50, 114))
(75, (26, 42), (51, 114))
(75, (26, 42), (52, 114))
(75, (26, 42), (53, 114))
(75, (26, 42), (54, 114))
(75, (26, 42), (55, 114))
(75, (26, 42), (56, 114))
(75, (26, 42), (57, 114))
(75, (26, 42), (58, 114))
(75, (26, 42), (59, 114))
(75, (26, 42), (60, 114))
(75, (26, 42), (61, 114))
(75, (26, 42), (62, 114))
(75, (26, 42), (63, 114))
(75, (26, 42), (64, 114))
(75, (26, 42), (65, 114))
(75, (26, 42), (66, 114))
(75, (26, 42), (67, 114))
(75, (26, 42), (68, 114))
(75, (26, 42), (69, 114))
(75, (26, 42), (70, 114))
(75, (26, 42), (71, 114))
(75, (26, 42), (72, 114))
(75, (26, 42), (73, 114))
(75, (26, 42), (74, 114))
(75, (26, 42), (75, 114))
(75, (26, 42), (76, 114))
(75, (26, 42), (77, 114))
(75, (26, 42), (78, 114))
(75, (26, 42), (79, 114))
(75, (26, 42), (80, 114))
(75, (26, 42), (81, 114))
(75, (26, 42), (82, 114))
(75, (26, 42), (83, 114))
(75, (26, 42), (84, 114))
(75, (26, 42), (85, 114))
(75, (26, 42), (86, 114))
(75, (26, 42), (87, 114))
(75, (26, 42), (88, 114))
(75, (26, 42), (89, 114))
(75, (26, 42), (90, 114))
(75, (26, 42), (91, 114))
(75, (26, 42), (92, 114))
(75, (26, 42), (93, 114))
(75, (26, 42), (94, 114))
(75, (26, 42), (95, 114))
(75, (26, 42), (96, 114))
(75, (26, 42), (97, 114))
(75, (26, 42), (98, 114))
(75, (26, 42), (99, 114))
(75, (26, 42), (100, 114))
(75, (26, 42), (101, 114))
(75, (26, 42), (102, 114))
(75, (26, 42), (103, 114))
(75, (26, 42), (104, 114))
(75, (26, 42), (105, 114))
(75, (26, 42), (106, 114))
(75, (26, 42), (107, 114))
(75, (26, 42), (108, 114))
(75, (26, 42), (109, 114))
(75, (26, 42), (110, 114))
(75, (26, 42), (111, 114))
(75, (26, 42), (112, 114))
(75, (26, 42), (113, 114))
27 of 42; Current Threshold: 75
(75, (27, 42), (0, 24))
(75, (27, 42), (1, 24))
(75, (27, 42), (2, 24))
(75, (27, 42), (3, 24))
(75, (27, 42), (4, 24))
(75, (27, 42), (5, 24))
(75, (27, 42), (6, 24))
(75, (27, 42), (7, 24))
(75, (27, 42), (8, 24))
(75, (27, 42), (9, 24))
(75, (27, 42), (10, 24))
(75, (27, 42), (11, 24))
(75, (27, 42), (12, 24))
(75, (27, 42), (13, 24))
(75, (27, 42), (14, 24))
(75, (27, 42), (15, 24))
(75, (27, 42), (16, 24))
(75, (27, 42), (17, 24))
(75, (27, 42), (18, 24))
(75, (27, 42), (19, 24))
(75, (27, 42), (20, 24))
(75, (27, 42), (21, 24))
(75, (27, 42), (22, 24))
(75, (27, 42), (23, 24))
28 of 42; Current Threshold: 75
(75, (28, 42), (0, 6))
(75, (28, 42), (1, 6))
(75, (28, 42), (2, 6))
(75, (28, 42), (3, 6))
(75, (28, 42), (4, 6))
(75, (28, 42), (5, 6))
29 of 42; Current Threshold: 75
(75, (29, 42), (0, 6))
(75, (29, 42), (1, 6))
(75, (29, 42), (2, 6))
(75, (29, 42), (3, 6))
(75, (29, 42), (4, 6))
(75, (29, 42), (5, 6))
30 of 42; Current Threshold: 75
(75, (30, 42), (0, 90))
(75, (30, 42), (1, 90))
(75, (30, 42), (2, 90))
(75, (30, 42), (3, 90))
(75, (30, 42), (4, 90))
(75, (30, 42), (5, 90))
(75, (30, 42), (6, 90))
(75, (30, 42), (7, 90))
(75, (30, 42), (8, 90))
(75, (30, 42), (9, 90))
(75, (30, 42), (10, 90))
(75, (30, 42), (11, 90))
(75, (30, 42), (12, 90))
(75, (30, 42), (13, 90))
(75, (30, 42), (14, 90))
(75, (30, 42), (15, 90))
(75, (30, 42), (16, 90))
(75, (30, 42), (17, 90))
(75, (30, 42), (18, 90))
(75, (30, 42), (19, 90))
(75, (30, 42), (20, 90))
(75, (30, 42), (21, 90))
(75, (30, 42), (22, 90))
(75, (30, 42), (23, 90))
(75, (30, 42), (24, 90))
(75, (30, 42), (25, 90))
(75, (30, 42), (26, 90))
(75, (30, 42), (27, 90))
(75, (30, 42), (28, 90))
(75, (30, 42), (29, 90))
(75, (30, 42), (30, 90))
(75, (30, 42), (31, 90))
(75, (30, 42), (32, 90))
(75, (30, 42), (33, 90))
(75, (30, 42), (34, 90))
(75, (30, 42), (35, 90))
(75, (30, 42), (36, 90))
(75, (30, 42), (37, 90))
(75, (30, 42), (38, 90))
(75, (30, 42), (39, 90))
(75, (30, 42), (40, 90))
(75, (30, 42), (41, 90))
(75, (30, 42), (42, 90))
(75, (30, 42), (43, 90))
(75, (30, 42), (44, 90))
(75, (30, 42), (45, 90))
(75, (30, 42), (46, 90))
(75, (30, 42), (47, 90))
(75, (30, 42), (48, 90))
(75, (30, 42), (49, 90))
(75, (30, 42), (50, 90))
(75, (30, 42), (51, 90))
(75, (30, 42), (52, 90))
(75, (30, 42), (53, 90))
(75, (30, 42), (54, 90))
(75, (30, 42), (55, 90))
(75, (30, 42), (56, 90))
(75, (30, 42), (57, 90))
(75, (30, 42), (58, 90))
(75, (30, 42), (59, 90))
(75, (30, 42), (60, 90))
(75, (30, 42), (61, 90))
(75, (30, 42), (62, 90))
(75, (30, 42), (63, 90))
(75, (30, 42), (64, 90))
(75, (30, 42), (65, 90))
(75, (30, 42), (66, 90))
(75, (30, 42), (67, 90))
(75, (30, 42), (68, 90))
(75, (30, 42), (69, 90))
(75, (30, 42), (70, 90))
(75, (30, 42), (71, 90))
(75, (30, 42), (72, 90))
(75, (30, 42), (73, 90))
(75, (30, 42), (74, 90))
(75, (30, 42), (75, 90))
(75, (30, 42), (76, 90))
(75, (30, 42), (77, 90))
(75, (30, 42), (78, 90))
(75, (30, 42), (79, 90))
(75, (30, 42), (80, 90))
(75, (30, 42), (81, 90))
(75, (30, 42), (82, 90))
(75, (30, 42), (83, 90))
(75, (30, 42), (84, 90))
(75, (30, 42), (85, 90))
(75, (30, 42), (86, 90))
(75, (30, 42), (87, 90))
(75, (30, 42), (88, 90))
(75, (30, 42), (89, 90))
31 of 42; Current Threshold: 75
(75, (31, 42), (0, 60))
(75, (31, 42), (1, 60))
(75, (31, 42), (2, 60))
(75, (31, 42), (3, 60))
(75, (31, 42), (4, 60))
(75, (31, 42), (5, 60))
(75, (31, 42), (6, 60))
(75, (31, 42), (7, 60))
(75, (31, 42), (8, 60))
(75, (31, 42), (9, 60))
(75, (31, 42), (10, 60))
(75, (31, 42), (11, 60))
(75, (31, 42), (12, 60))
(75, (31, 42), (13, 60))
(75, (31, 42), (14, 60))
(75, (31, 42), (15, 60))
(75, (31, 42), (16, 60))
(75, (31, 42), (17, 60))
(75, (31, 42), (18, 60))
(75, (31, 42), (19, 60))
(75, (31, 42), (20, 60))
(75, (31, 42), (21, 60))
(75, (31, 42), (22, 60))
(75, (31, 42), (23, 60))
(75, (31, 42), (24, 60))
(75, (31, 42), (25, 60))
(75, (31, 42), (26, 60))
(75, (31, 42), (27, 60))
(75, (31, 42), (28, 60))
(75, (31, 42), (29, 60))
(75, (31, 42), (30, 60))
(75, (31, 42), (31, 60))
(75, (31, 42), (32, 60))
(75, (31, 42), (33, 60))
(75, (31, 42), (34, 60))
(75, (31, 42), (35, 60))
(75, (31, 42), (36, 60))
(75, (31, 42), (37, 60))
(75, (31, 42), (38, 60))
(75, (31, 42), (39, 60))
(75, (31, 42), (40, 60))
(75, (31, 42), (41, 60))
(75, (31, 42), (42, 60))
(75, (31, 42), (43, 60))
(75, (31, 42), (44, 60))
(75, (31, 42), (45, 60))
(75, (31, 42), (46, 60))
(75, (31, 42), (47, 60))
(75, (31, 42), (48, 60))
(75, (31, 42), (49, 60))
(75, (31, 42), (50, 60))
(75, (31, 42), (51, 60))
(75, (31, 42), (52, 60))
(75, (31, 42), (53, 60))
(75, (31, 42), (54, 60))
(75, (31, 42), (55, 60))
(75, (31, 42), (56, 60))
(75, (31, 42), (57, 60))
(75, (31, 42), (58, 60))
(75, (31, 42), (59, 60))
32 of 42; Current Threshold: 75
(75, (32, 42), (0, 6))
(75, (32, 42), (1, 6))
(75, (32, 42), (2, 6))
(75, (32, 42), (3, 6))
(75, (32, 42), (4, 6))
(75, (32, 42), (5, 6))
33 of 42; Current Threshold: 75
(75, (33, 42), (0, 53))
(75, (33, 42), (1, 53))
(75, (33, 42), (2, 53))
(75, (33, 42), (3, 53))
(75, (33, 42), (4, 53))
(75, (33, 42), (5, 53))
(75, (33, 42), (6, 53))
(75, (33, 42), (7, 53))
(75, (33, 42), (8, 53))
(75, (33, 42), (9, 53))
(75, (33, 42), (10, 53))
(75, (33, 42), (11, 53))
(75, (33, 42), (12, 53))
(75, (33, 42), (13, 53))
(75, (33, 42), (14, 53))
(75, (33, 42), (15, 53))
(75, (33, 42), (16, 53))
(75, (33, 42), (17, 53))
(75, (33, 42), (18, 53))
(75, (33, 42), (19, 53))
(75, (33, 42), (20, 53))
(75, (33, 42), (21, 53))
(75, (33, 42), (22, 53))
(75, (33, 42), (23, 53))
(75, (33, 42), (24, 53))
(75, (33, 42), (25, 53))
(75, (33, 42), (26, 53))
(75, (33, 42), (27, 53))
(75, (33, 42), (28, 53))
(75, (33, 42), (29, 53))
(75, (33, 42), (30, 53))
(75, (33, 42), (31, 53))
(75, (33, 42), (32, 53))
(75, (33, 42), (33, 53))
(75, (33, 42), (34, 53))
(75, (33, 42), (35, 53))
(75, (33, 42), (36, 53))
(75, (33, 42), (37, 53))
(75, (33, 42), (38, 53))
(75, (33, 42), (39, 53))
(75, (33, 42), (40, 53))
(75, (33, 42), (41, 53))
(75, (33, 42), (42, 53))
(75, (33, 42), (43, 53))
(75, (33, 42), (44, 53))
(75, (33, 42), (45, 53))
(75, (33, 42), (46, 53))
(75, (33, 42), (47, 53))
(75, (33, 42), (48, 53))
(75, (33, 42), (49, 53))
(75, (33, 42), (50, 53))
(75, (33, 42), (51, 53))
(75, (33, 42), (52, 53))
34 of 42; Current Threshold: 75
(75, (34, 42), (0, 12))
(75, (34, 42), (1, 12))
(75, (34, 42), (2, 12))
(75, (34, 42), (3, 12))
(75, (34, 42), (4, 12))
(75, (34, 42), (5, 12))
(75, (34, 42), (6, 12))
(75, (34, 42), (7, 12))
(75, (34, 42), (8, 12))
(75, (34, 42), (9, 12))
(75, (34, 42), (10, 12))
(75, (34, 42), (11, 12))
35 of 42; Current Threshold: 75
(75, (35, 42), (0, 24))
(75, (35, 42), (1, 24))
(75, (35, 42), (2, 24))
(75, (35, 42), (3, 24))
(75, (35, 42), (4, 24))
(75, (35, 42), (5, 24))
(75, (35, 42), (6, 24))
(75, (35, 42), (7, 24))
(75, (35, 42), (8, 24))
(75, (35, 42), (9, 24))
(75, (35, 42), (10, 24))
(75, (35, 42), (11, 24))
(75, (35, 42), (12, 24))
(75, (35, 42), (13, 24))
(75, (35, 42), (14, 24))
(75, (35, 42), (15, 24))
(75, (35, 42), (16, 24))
(75, (35, 42), (17, 24))
(75, (35, 42), (18, 24))
(75, (35, 42), (19, 24))
(75, (35, 42), (20, 24))
(75, (35, 42), (21, 24))
(75, (35, 42), (22, 24))
(75, (35, 42), (23, 24))
36 of 42; Current Threshold: 75
